<?xml version="1.0" encoding="UTF-8"?>
<!-- Generated by org.testng.reporters.JUnitXMLReporter -->
<testsuite ignored="0" hostname="MANI" failures="0" tests="4" name="login test cases" time="56.777" errors="0" timestamp="2024-11-09T11:43:15 IST">
  <testcase classname="loginTestCase.BothCorrect" name="LoginWithCorrectValues" time="15.487"/>
  <testcase classname="loginTestCase.BothIncorrect" name="LoginWithIncorrectValues" time="14.137"/>
  <testcase classname="loginTestCase.CorrectPassword" name="LoginWithCrctPassword" time="12.834"/>
  <testcase classname="loginTestCase.CorrectUsername" name="LoginWithCrctUsername" time="14.283"/>
</testsuite> <!-- login test cases -->
