<?xml version="1.0" encoding="UTF-8"?>
<!-- Generated by org.testng.reporters.JUnitXMLReporter -->
<testsuite ignored="0" hostname="MANI" failures="0" tests="4" name="Default test" time="65.792" errors="0" timestamp="2024-11-09T14:06:14 IST">
  <testcase classname="loginTestCase.Login" name="LoginWithCorrectValues" time="15.195"/>
  <testcase classname="loginTestCase.Login" name="LoginWithCorrectValues" time="13.961"/>
  <testcase classname="loginTestCase.Login" name="LoginWithCorrectValues" time="15.732"/>
  <testcase classname="loginTestCase.Login" name="LoginWithCorrectValues" time="16.266"/>
</testsuite> <!-- Default test -->
